Build started 2016/3/5 10:45:21.
     1>Project "F:\VSTest\HandTrace\HandTrace\HandTrace.vcxproj" on node 2 (Build target(s)).
     1>ClCompile:
         D:\vs2013\VC\bin\CL.exe /c /IF:\VSTest\HandTrace\\HandTrace /IF:\opencv\build\include /IF:\VSTest\HandTrace\ /IE:\DLPDESIGNER\sdk\boost /ZI /nologo /W3 /WX- /Od /Oy- /D WIN32 /D _DEBUG /D _LIB /D _UNICODE /D UNICODE /Gm /EHsc /RTC1 /MDd /GS /fp:precise /Zc:wchar_t /Zc:forScope /Fo"Debug\\" /Fd"Debug\vc120.pdb" /Gd /TP /analyze- /errorReport:prompt CHandTrace.cpp
         CHandTrace.cpp
     1>f:\opencv\build\include\opencv2\flann\logger.h(66): warning C4996: 'fopen': This function or variable may be unsafe. Consider using fopen_s instead. To disable deprecation, use _CRT_SECURE_NO_WARNINGS. See online help for details.
                 d:\vs2013\vc\include\stdio.h(211) : see declaration of 'fopen'
     1>f:\vstest\handtrace\handtrace\chandtrace.cpp(68): warning C4244: '=' : conversion from 'const float' to 'int', possible loss of data
     1>f:\vstest\handtrace\handtrace\chandtrace.cpp(72): warning C4244: '=' : conversion from 'const float' to 'int', possible loss of data
     1>f:\vstest\handtrace\handtrace\chandtrace.cpp(77): warning C4244: '=' : conversion from 'const float' to 'int', possible loss of data
     1>f:\vstest\handtrace\handtrace\chandtrace.cpp(81): warning C4244: '=' : conversion from 'const float' to 'int', possible loss of data
     1>f:\vstest\handtrace\handtrace\chandtrace.cpp(85): warning C4244: '=' : conversion from 'const float' to 'int', possible loss of data
     1>f:\vstest\handtrace\handtrace\chandtrace.cpp(89): warning C4244: '=' : conversion from 'const float' to 'int', possible loss of data
     1>f:\vstest\handtrace\handtrace\chandtrace.cpp(93): warning C4244: '=' : conversion from 'const float' to 'int', possible loss of data
     1>f:\vstest\handtrace\handtrace\chandtrace.cpp(97): warning C4244: '=' : conversion from 'const float' to 'int', possible loss of data
     1>f:\vstest\handtrace\handtrace\chandtrace.cpp(115): warning C4018: '<' : signed/unsigned mismatch
     1>f:\vstest\handtrace\handtrace\chandtrace.cpp(191): warning C4018: '<' : signed/unsigned mismatch
     1>f:\vstest\handtrace\handtrace\chandtrace.cpp(224): warning C4244: 'initializing' : conversion from 'double' to 'float', possible loss of data
     1>f:\vstest\handtrace\handtrace\chandtrace.cpp(254): warning C4018: '<' : signed/unsigned mismatch
     1>f:\vstest\handtrace\handtrace\chandtrace.cpp(257): warning C4018: '<' : signed/unsigned mismatch
     1>f:\vstest\handtrace\handtrace\chandtrace.cpp(263): warning C4018: '<' : signed/unsigned mismatch
     1>f:\vstest\handtrace\handtrace\chandtrace.cpp(287): warning C4018: '<' : signed/unsigned mismatch
     1>f:\vstest\handtrace\handtrace\chandtrace.cpp(324): warning C4018: '<' : signed/unsigned mismatch
     1>f:\vstest\handtrace\handtrace\chandtrace.cpp(330): warning C4258: 'i' : definition from the for loop is ignored; the definition from the enclosing scope is used
                 f:\vstest\handtrace\handtrace\chandtrace.cpp(324) : definition of 'i' ignored
                 f:\vstest\handtrace\handtrace\chandtrace.cpp(214) : definition of 'i' used
     1>f:\vstest\handtrace\handtrace\chandtrace.cpp(336): warning C4018: '<' : signed/unsigned mismatch
     1>f:\vstest\handtrace\handtrace\chandtrace.cpp(370): warning C4018: '<' : signed/unsigned mismatch
     1>f:\vstest\handtrace\handtrace\chandtrace.cpp(371): warning C4018: '<' : signed/unsigned mismatch
     1>f:\vstest\handtrace\handtrace\chandtrace.cpp(380): warning C4018: '<' : signed/unsigned mismatch
     1>f:\vstest\handtrace\handtrace\chandtrace.cpp(386): warning C4018: '<' : signed/unsigned mismatch
     1>f:\vstest\handtrace\handtrace\chandtrace.cpp(390): warning C4244: '=' : conversion from 'int' to 'float', possible loss of data
     1>f:\vstest\handtrace\handtrace\chandtrace.cpp(426): warning C4258: 'i' : definition from the for loop is ignored; the definition from the enclosing scope is used
                 f:\vstest\handtrace\handtrace\chandtrace.cpp(386) : definition of 'i' ignored
                 f:\vstest\handtrace\handtrace\chandtrace.cpp(214) : definition of 'i' used
     1>f:\vstest\handtrace\handtrace\chandtrace.cpp(491): warning C4244: '=' : conversion from 'int' to 'float', possible loss of data
     1>f:\vstest\handtrace\handtrace\chandtrace.cpp(492): warning C4244: '=' : conversion from 'int' to 'float', possible loss of data
     1>f:\vstest\handtrace\handtrace\chandtrace.cpp(503): warning C4018: '<' : signed/unsigned mismatch
     1>f:\vstest\handtrace\handtrace\chandtrace.cpp(576): warning C4018: '<' : signed/unsigned mismatch
     1>f:\vstest\handtrace\handtrace\chandtrace.cpp(603): warning C4018: '<' : signed/unsigned mismatch
     1>f:\vstest\handtrace\handtrace\chandtrace.cpp(604): warning C4018: '<' : signed/unsigned mismatch
     1>f:\vstest\handtrace\handtrace\chandtrace.cpp(608): warning C4018: '<' : signed/unsigned mismatch
     1>f:\vstest\handtrace\handtrace\chandtrace.cpp(630): warning C4244: 'argument' : conversion from 'int' to 'float', possible loss of data
     1>f:\vstest\handtrace\handtrace\chandtrace.cpp(644): warning C4018: '<' : signed/unsigned mismatch
     1>f:\vstest\handtrace\handtrace\chandtrace.cpp(647): warning C4018: '<' : signed/unsigned mismatch
     1>f:\vstest\handtrace\handtrace\chandtrace.cpp(668): warning C4018: '<' : signed/unsigned mismatch
     1>f:\vstest\handtrace\handtrace\chandtrace.cpp(669): warning C4244: 'argument' : conversion from 'int' to 'float', possible loss of data
     1>f:\vstest\handtrace\handtrace\chandtrace.cpp(678): warning C4018: '<' : signed/unsigned mismatch
     1>f:\vstest\handtrace\handtrace\chandtrace.cpp(679): warning C4018: '<' : signed/unsigned mismatch
     1>f:\vstest\handtrace\handtrace\chandtrace.cpp(683): warning C4018: '<' : signed/unsigned mismatch
     1>f:\vstest\handtrace\handtrace\chandtrace.cpp(720): warning C4018: '<' : signed/unsigned mismatch
     1>f:\vstest\handtrace\handtrace\chandtrace.cpp(728): warning C4018: '<' : signed/unsigned mismatch
     1>f:\vstest\handtrace\handtrace\chandtrace.cpp(729): warning C4018: '<' : signed/unsigned mismatch
     1>f:\vstest\handtrace\handtrace\chandtrace.cpp(757): warning C4018: '<' : signed/unsigned mismatch
     1>f:\vstest\handtrace\handtrace\chandtrace.cpp(771): warning C4018: '<' : signed/unsigned mismatch
     1>f:\vstest\handtrace\handtrace\chandtrace.cpp(816): warning C4018: '<' : signed/unsigned mismatch
     1>f:\vstest\handtrace\handtrace\chandtrace.cpp(867): warning C4018: '<' : signed/unsigned mismatch
     1>f:\vstest\handtrace\handtrace\chandtrace.cpp(878): warning C4018: '<' : signed/unsigned mismatch
     1>f:\vstest\handtrace\handtrace\chandtrace.cpp(906): warning C4018: '<' : signed/unsigned mismatch
     1>f:\vstest\handtrace\handtrace\chandtrace.cpp(1025): warning C4244: '=' : conversion from 'int' to 'float', possible loss of data
     1>f:\vstest\handtrace\handtrace\chandtrace.cpp(1026): warning C4244: '=' : conversion from 'int' to 'float', possible loss of data
     1>f:\vstest\handtrace\handtrace\chandtrace.cpp(1213): warning C4018: '<' : signed/unsigned mismatch
     1>f:\vstest\handtrace\handtrace\chandtrace.cpp(1219): warning C4244: 'argument' : conversion from 'int' to 'float', possible loss of data
     1>f:\vstest\handtrace\handtrace\chandtrace.cpp(1233): warning C4244: '=' : conversion from 'const int' to 'float', possible loss of data
     1>f:\vstest\handtrace\handtrace\chandtrace.cpp(1234): warning C4244: '=' : conversion from 'const int' to 'float', possible loss of data
     1>f:\vstest\handtrace\handtrace\chandtrace.cpp(1261): warning C4244: 'initializing' : conversion from 'int' to 'float', possible loss of data
     1>f:\vstest\handtrace\handtrace\chandtrace.cpp(1283): warning C4018: '<' : signed/unsigned mismatch
     1>f:\vstest\handtrace\handtrace\chandtrace.cpp(1294): warning C4018: '<' : signed/unsigned mismatch
     1>f:\vstest\handtrace\handtrace\chandtrace.cpp(1316): warning C4018: '<' : signed/unsigned mismatch
     1>f:\vstest\handtrace\handtrace\chandtrace.cpp(1354): warning C4244: 'argument' : conversion from 'float' to 'int', possible loss of data
     1>f:\vstest\handtrace\handtrace\chandtrace.cpp(1411): warning C4244: 'argument' : conversion from 'float' to 'int', possible loss of data
     1>f:\vstest\handtrace\handtrace\chandtrace.cpp(1431): warning C4244: 'argument' : conversion from 'float' to 'int', possible loss of data
     1>f:\vstest\handtrace\handtrace\chandtrace.cpp(1438): warning C4018: '<' : signed/unsigned mismatch
     1>f:\vstest\handtrace\handtrace\chandtrace.cpp(1439): warning C4018: '<' : signed/unsigned mismatch
     1>f:\vstest\handtrace\handtrace\chandtrace.cpp(1509): warning C4244: 'argument' : conversion from 'const float' to 'int', possible loss of data
     1>f:\vstest\handtrace\handtrace\chandtrace.cpp(1516): warning C4244: 'argument' : conversion from 'float' to 'int', possible loss of data
     1>f:\vstest\handtrace\handtrace\chandtrace.cpp(1530): warning C4244: 'argument' : conversion from 'float' to 'int', possible loss of data
     1>f:\vstest\handtrace\handtrace\chandtrace.cpp(1543): warning C4244: 'argument' : conversion from 'float' to 'int', possible loss of data
     1>f:\vstest\handtrace\handtrace\chandtrace.cpp(1556): warning C4244: 'argument' : conversion from 'float' to 'int', possible loss of data
     1>f:\vstest\handtrace\handtrace\chandtrace.cpp(1571): warning C4244: 'argument' : conversion from 'float' to 'int', possible loss of data
     1>f:\vstest\handtrace\handtrace\chandtrace.cpp(1581): warning C4244: 'argument' : conversion from 'float' to 'int', possible loss of data
     1>f:\vstest\handtrace\handtrace\chandtrace.cpp(1592): warning C4244: 'argument' : conversion from 'float' to 'int', possible loss of data
     1>f:\vstest\handtrace\handtrace\chandtrace.cpp(1603): warning C4244: 'argument' : conversion from 'float' to 'int', possible loss of data
     1>f:\vstest\handtrace\handtrace\chandtrace.cpp(1617): warning C4018: '<' : signed/unsigned mismatch
     1>f:\vstest\handtrace\handtrace\chandtrace.cpp(1638): warning C4018: '<' : signed/unsigned mismatch
     1>f:\vstest\handtrace\handtrace\chandtrace.cpp(1646): warning C4244: 'argument' : conversion from 'const float' to 'int', possible loss of data
     1>f:\vstest\handtrace\handtrace\chandtrace.cpp(1646): warning C4244: '=' : conversion from 'float' to 'USHORT', possible loss of data
     1>f:\vstest\handtrace\handtrace\chandtrace.cpp(1685): warning C4018: '<' : signed/unsigned mismatch
     1>f:\vstest\handtrace\handtrace\chandtrace.cpp(1696): warning C4018: '<' : signed/unsigned mismatch
     1>f:\vstest\handtrace\handtrace\chandtrace.cpp(1703): warning C4244: 'argument' : conversion from 'int' to 'float', possible loss of data
     1>f:\vstest\handtrace\handtrace\chandtrace.cpp(1709): warning C4018: '<' : signed/unsigned mismatch
     1>f:\vstest\handtrace\handtrace\chandtrace.cpp(1715): warning C4244: 'argument' : conversion from 'int' to 'float', possible loss of data
     1>f:\vstest\handtrace\handtrace\chandtrace.cpp(1743): warning C4018: '<' : signed/unsigned mismatch
     1>f:\vstest\handtrace\handtrace\chandtrace.cpp(1873): warning C4018: '<' : signed/unsigned mismatch
     1>f:\vstest\handtrace\handtrace\chandtrace.cpp(1902): warning C4018: '<' : signed/unsigned mismatch
     1>f:\vstest\handtrace\handtrace\chandtrace.cpp(1905): warning C4244: 'initializing' : conversion from 'double' to 'float', possible loss of data
     1>f:\vstest\handtrace\handtrace\chandtrace.cpp(1908): warning C4018: '<' : signed/unsigned mismatch
     1>f:\vstest\handtrace\handtrace\chandtrace.cpp(2072): warning C4018: '<' : signed/unsigned mismatch
     1>f:\vstest\handtrace\handtrace\chandtrace.cpp(2073): warning C4244: 'argument' : conversion from 'const int' to 'float', possible loss of data
     1>f:\vstest\handtrace\handtrace\chandtrace.cpp(2100): warning C4018: '<' : signed/unsigned mismatch
     1>f:\vstest\handtrace\handtrace\chandtrace.cpp(2102): warning C4244: '=' : conversion from 'float' to 'int', possible loss of data
     1>f:\vstest\handtrace\handtrace\chandtrace.cpp(2109): warning C4244: '=' : conversion from 'float' to 'int', possible loss of data
     1>f:\vstest\handtrace\handtrace\chandtrace.cpp(2128): warning C4018: '<' : signed/unsigned mismatch
     1>f:\vstest\handtrace\handtrace\chandtrace.cpp(2096): warning C4101: 'fVertMinDist' : unreferenced local variable
     1>f:\vstest\handtrace\handtrace\chandtrace.cpp(2096): warning C4101: 'fHorMinDist' : unreferenced local variable
     1>f:\vstest\handtrace\handtrace\chandtrace.cpp(2088): warning C4101: 'evertdir' : unreferenced local variable
     1>f:\vstest\handtrace\handtrace\chandtrace.cpp(2088): warning C4101: 'ehordir' : unreferenced local variable
     1>f:\vstest\handtrace\handtrace\chandtrace.cpp(2207): warning C4018: '<' : signed/unsigned mismatch
     1>f:\vstest\handtrace\handtrace\chandtrace.cpp(2212): warning C4018: '<' : signed/unsigned mismatch
     1>f:\vstest\handtrace\handtrace\chandtrace.cpp(2226): warning C4018: '<' : signed/unsigned mismatch
     1>f:\vstest\handtrace\handtrace\chandtrace.cpp(2234): warning C4018: '<' : signed/unsigned mismatch
     1>f:\vstest\handtrace\handtrace\chandtrace.cpp(2255): warning C4018: '<' : signed/unsigned mismatch
     1>f:\vstest\handtrace\handtrace\chandtrace.cpp(2289): warning C4244: 'initializing' : conversion from 'int' to 'float', possible loss of data
     1>f:\vstest\handtrace\handtrace\chandtrace.cpp(2290): warning C4244: 'initializing' : conversion from 'int' to 'float', possible loss of data
     1>f:\vstest\handtrace\handtrace\chandtrace.cpp(2316): warning C4018: '<' : signed/unsigned mismatch
     1>f:\vstest\handtrace\handtrace\chandtrace.cpp(2326): warning C4018: '<' : signed/unsigned mismatch
     1>f:\vstest\handtrace\handtrace\chandtrace.cpp(2350): warning C4018: '<' : signed/unsigned mismatch
     1>f:\vstest\handtrace\handtrace\chandtrace.cpp(2411): warning C4018: '<' : signed/unsigned mismatch
     1>f:\vstest\handtrace\handtrace\chandtrace.cpp(2412): warning C4018: '<' : signed/unsigned mismatch
     1>f:\vstest\handtrace\handtrace\chandtrace.cpp(2413): warning C4244: 'argument' : conversion from 'const int' to 'float', possible loss of data
     1>f:\vstest\handtrace\handtrace\chandtrace.cpp(2432): warning C4018: '<' : signed/unsigned mismatch
     1>f:\vstest\handtrace\handtrace\chandtrace.cpp(2445): warning C4018: '<' : signed/unsigned mismatch
     1>f:\vstest\handtrace\handtrace\chandtrace.cpp(2461): warning C4018: '<' : signed/unsigned mismatch
     1>f:\vstest\handtrace\handtrace\chandtrace.cpp(1148): warning C4715: 'CHandTrace::getProjectPos' : not all control paths return a value
     1>f:\vstest\handtrace\handtrace\chandtrace.cpp(1751): warning C4715: 'CHandTrace::elimateBadDepth' : not all control paths return a value
     1>f:\vstest\handtrace\handtrace\chandtrace.cpp(932): warning C4715: 'CHandTrace::SeekHands' : not all control paths return a value
     1>f:\vstest\handtrace\handtrace\chandtrace.cpp(1162): warning C4715: 'CHandTrace::getProjectPos' : not all control paths return a value
       Lib:
         D:\vs2013\VC\bin\Lib.exe /OUT:"F:\VSTest\HandTrace\Debug\HandTrace.lib" /NOLOGO Debug\CHandTrace.obj
         HandTrace.vcxproj -> F:\VSTest\HandTrace\Debug\HandTrace.lib
     1>Done Building Project "F:\VSTest\HandTrace\HandTrace\HandTrace.vcxproj" (Build target(s)).

Build succeeded.

Time Elapsed 00:00:05.23
